Starting simulation with 1000 clients...
Launched client-1
Launched client-2
Launched client-3
Launched client-4
Launched client-5
Launched client-6
Launched client-7
Launched client-8
Launched client-9
Launched client-10
Launched client-11
Launched client-12
Launched client-13
Launched client-14
Launched client-15
Launched client-16
Launched client-17
Launched client-18
Launched client-19
Launched client-20
Launched client-21
Launched client-22
Launched client-23
Launched client-24
Launched client-25
Launched client-26
Launched client-27
Launched client-28
Launched client-29
Launched client-30
Launched client-31
Launched client-32
Launched client-33
Launched client-34
Launched client-35
Launched client-36
Launched client-37
Launched client-38
Launched client-39
Launched client-40
Launched client-41
Launched client-42
Launched client-43
Launched client-44
Launched client-45
Launched client-46
Launched client-47
Launched client-48
Launched client-49
Launched client-50
Launched client-51
Launched client-52
Launched client-53
Launched client-54
Launched client-55
Launched client-56
Launched client-57
Launched client-58
Launched client-59
Launched client-60
Launched client-61
Launched client-62
Launched client-63
Launched client-64
Launched client-65
Launched client-66
Launched client-67
Launched client-68
Launched client-69
Launched client-70
Launched client-71
Launched client-72
Launched client-73
Launched client-74
Launched client-75
Launched client-76
Launched client-77
Launched client-78
Launched client-79
Launched client-80
Launched client-81
Launched client-82
Launched client-83
Launched client-84
Launched client-85
Launched client-86
Launched client-87
Launched client-88
Launched client-89
Launched client-90
Launched client-91
Launched client-92
Launched client-93
Launched client-94
Launched client-95
Launched client-96
Launched client-97
Launched client-98
Launched client-99
Launched client-100
Launched client-101
Launched client-102
Launched client-103
Launched client-104
Launched client-105
Launched client-106
Launched client-107
Launched client-108
Launched client-109
Launched client-110
Launched client-111
Launched client-112
Launched client-113
Launched client-114
Launched client-115
Launched client-116
Launched client-117
Launched client-118
Launched client-119
Launched client-120
Launched client-121
Launched client-122
Launched client-123
Launched client-124
Launched client-125
Launched client-126
Launched client-127
Launched client-128
Launched client-129
Launched client-130
Launched client-131
Launched client-132
Launched client-133
Launched client-134
Launched client-135
Launched client-136
Launched client-137
Launched client-138
Launched client-139
Launched client-140
Launched client-141
Launched client-142
Launched client-143
Launched client-144
Launched client-145
Launched client-146
Launched client-147
Launched client-148
Launched client-149
Launched client-150
Launched client-151
Launched client-152
Launched client-153
Launched client-154
Launched client-155
Launched client-156
Launched client-157
Launched client-158
Launched client-159
Launched client-160
Launched client-161
Launched client-162
Launched client-163
Launched client-164
Launched client-165
Launched client-166
Launched client-167
Launched client-168
Launched client-169
Launched client-170
Launched client-171
Launched client-172
Launched client-173
Launched client-174
Launched client-175
Launched client-176
Launched client-177
Launched client-178
Launched client-179
Launched client-180
Launched client-181
Launched client-182
Launched client-183
Launched client-184
Launched client-185
Launched client-186
Launched client-187
Launched client-188
Launched client-189
Launched client-190
Launched client-191
Launched client-192
Launched client-193
Launched client-194
Launched client-195
Launched client-196
Launched client-197
Launched client-198
Launched client-199
Launched client-200
Launched client-201
Launched client-202
Launched client-203
Launched client-204
Launched client-205
Launched client-206
Launched client-207
Launched client-208
Launched client-209
Launched client-210
Launched client-211
Launched client-212
Launched client-213
Launched client-214
Launched client-215
Launched client-216
Launched client-217
Launched client-218
Launched client-219
Launched client-220
Launched client-221
Launched client-222
Launched client-223
Launched client-224
Launched client-225
Launched client-226
Launched client-227
Launched client-228
Launched client-229
Launched client-230
Launched client-231
Launched client-232
Launched client-233
Launched client-234
Launched client-235
Launched client-236
Launched client-237
Launched client-238
Launched client-239
Launched client-240
Launched client-241
Launched client-242
Launched client-243
Launched client-244
Launched client-245
Launched client-246
Launched client-247
Launched client-248
Launched client-249
Launched client-250
Launched client-251
Launched client-252
Launched client-253
Launched client-254
Launched client-255
Launched client-256
Launched client-257
Launched client-258
Launched client-259
Launched client-260
Launched client-261
Launched client-262
Launched client-263
Launched client-264
Launched client-265
Launched client-266
Launched client-267
Launched client-268
Launched client-269
Launched client-270
Launched client-271
Launched client-272
Launched client-273
Launched client-274
Launched client-275
Launched client-276
Launched client-277
Launched client-278
Launched client-279
Launched client-280
Launched client-281
Launched client-282
Launched client-283
Launched client-284
Launched client-285
Launched client-286
Launched client-287
Launched client-288
Launched client-289
Launched client-290
Launched client-291
Launched client-292
Launched client-293
Launched client-294
Launched client-295
Launched client-296
Launched client-297
Launched client-298
Launched client-299
Launched client-300
Launched client-301
Launched client-302
Launched client-303
Launched client-304
Launched client-305
Launched client-306
Launched client-307
Launched client-308
Launched client-309
Launched client-310
Launched client-311
Launched client-312
Launched client-313
Launched client-314
Launched client-315
Launched client-316
Launched client-317
Launched client-318
Launched client-319
Launched client-320
Launched client-321
Launched client-322
Launched client-323
Launched client-324
Launched client-325
Launched client-326
Launched client-327
Launched client-328
Launched client-329
Launched client-330
Launched client-331
Launched client-332
Launched client-333
Launched client-334
Launched client-335
Launched client-336
Launched client-337
Launched client-338
Launched client-339
Launched client-340
Launched client-341
Launched client-342
Launched client-343
Launched client-344
Launched client-345
Launched client-346
Launched client-347
Launched client-348
Launched client-349
Launched client-350
Launched client-351
Launched client-352
Launched client-353
Launched client-354
Launched client-355
Launched client-356
Launched client-357
Launched client-358
Launched client-359
Launched client-360
Launched client-361
Launched client-362
Launched client-363
Launched client-364
Launched client-365
Launched client-366
Launched client-367
Launched client-368
Launched client-369
Launched client-370
Launched client-371
Launched client-372
Launched client-373
Launched client-374
Launched client-375
Launched client-376
Launched client-377
Launched client-378
Launched client-379
Launched client-380
Launched client-381
Launched client-382
Launched client-383
Launched client-384
Launched client-385
Launched client-386
Launched client-387
Launched client-388
Launched client-389
Launched client-390
Launched client-391
Launched client-392
Launched client-393
Launched client-394
Launched client-395
Launched client-396
Launched client-397
Launched client-398
Launched client-399
Launched client-400
Launched client-401
Launched client-402
Launched client-403
Launched client-404
Launched client-405
Launched client-406
Launched client-407
Launched client-408
Launched client-409
Launched client-410
Launched client-411
Launched client-412
Launched client-413
Launched client-414
Launched client-415
Launched client-416
Launched client-417
Launched client-418
Launched client-419
Launched client-420
Launched client-421
Launched client-422
Launched client-423
Launched client-424
Launched client-425
Launched client-426
Launched client-427
Launched client-428
Launched client-429
Launched client-430
Launched client-431
Launched client-432
Launched client-433
Launched client-434
Launched client-435
Launched client-436
Launched client-437
Launched client-438
Launched client-439
Launched client-440
Launched client-441
Launched client-442
Launched client-443
Launched client-444
Launched client-445
Launched client-446
Launched client-447
Launched client-448
Launched client-449
Launched client-450
Launched client-451
Launched client-452
Launched client-453
Launched client-454
Launched client-455
Launched client-456
Launched client-457
Launched client-458
Launched client-459
Launched client-460
Launched client-461
Launched client-462
Launched client-463
Launched client-464
Launched client-465
Launched client-466
Launched client-467
Launched client-468
Launched client-469
Launched client-470
Launched client-471
Launched client-472
Launched client-473
Launched client-474
Launched client-475
Launched client-476
Launched client-477
Launched client-478
Launched client-479
Launched client-480
Launched client-481
Launched client-482
Launched client-483
Launched client-484
Launched client-485
Launched client-486
Launched client-487
Launched client-488
Launched client-489
Launched client-490
Launched client-491
Launched client-492
Launched client-493
Launched client-494
Launched client-495
Launched client-496
Launched client-497
Launched client-498
Launched client-499
Launched client-500
Launched client-501
Launched client-502
Launched client-503
Launched client-504
Launched client-505
Launched client-506
Launched client-507
Launched client-508
Launched client-509
Launched client-510
Launched client-511
Launched client-512
Launched client-513
Launched client-514
Launched client-515
Launched client-516
Launched client-517
Launched client-518
Launched client-519
Launched client-520
Launched client-521
Launched client-522
Launched client-523
Launched client-524
Launched client-525
Launched client-526
Launched client-527
Launched client-528
Launched client-529
Launched client-530
Launched client-531
Launched client-532
Launched client-533
Launched client-534
Launched client-535
Launched client-536
Launched client-537
Launched client-538
Launched client-539
Launched client-540
Launched client-541
Launched client-542
Launched client-543
Launched client-544
Launched client-545
Launched client-546
Launched client-547
Launched client-548
Launched client-549
Launched client-550
Launched client-551
Launched client-552
Launched client-553
Launched client-554
Launched client-555
Launched client-556
Launched client-557
Launched client-558
Launched client-559
Launched client-560
Launched client-561
Launched client-562
Launched client-563
Launched client-564
Launched client-565
Launched client-566
Launched client-567
Launched client-568
Launched client-569
Launched client-570
Launched client-571
Launched client-572
Launched client-573
Launched client-574
Launched client-575
Launched client-576
Launched client-577
Launched client-578
Launched client-579
Launched client-580
Launched client-581
Launched client-582
Launched client-583
Launched client-584
Launched client-585
Launched client-586
Launched client-587
Launched client-588
Launched client-589
Launched client-590
Launched client-591
Launched client-592
Launched client-593
Launched client-594
Launched client-595
Launched client-596
Launched client-597
Launched client-598
Launched client-599
Launched client-600
Launched client-601
Launched client-602
Launched client-603
Launched client-604
Launched client-605
Launched client-606
Launched client-607
Launched client-608
Launched client-609
Launched client-610
Launched client-611
Launched client-612
Launched client-613
Launched client-614
Launched client-615
Launched client-616
Launched client-617
Launched client-618
Launched client-619
Launched client-620
Launched client-621
Launched client-622
Launched client-623
Launched client-624
Launched client-625
Launched client-626
Launched client-627
Launched client-628
Launched client-629
Launched client-630
Launched client-631
Launched client-632
Launched client-633
Launched client-634
Launched client-635
Launched client-636
Launched client-637
Launched client-638
Launched client-639
Launched client-640
Launched client-641
Launched client-642
Launched client-643
Launched client-644
Launched client-645
Launched client-646
Launched client-647
Launched client-648
Launched client-649
Launched client-650
Launched client-651
Launched client-652
Launched client-653
Launched client-654
Launched client-655
Launched client-656
Launched client-657
Launched client-658
Launched client-659
Launched client-660
Launched client-661
Launched client-662
Launched client-663
Launched client-664
Launched client-665
Launched client-666
Launched client-667
Launched client-668
Launched client-669
Launched client-670
Launched client-671
Launched client-672
Launched client-673
Launched client-674
Launched client-675
Launched client-676
Launched client-677
Launched client-678
Launched client-679
Launched client-680
Launched client-681
Launched client-682
Launched client-683
Launched client-684
Launched client-685
Launched client-686
Launched client-687
Launched client-688
Launched client-689
Launched client-690
Launched client-691
Launched client-692
Launched client-693
Launched client-694
Launched client-695
Launched client-696
Launched client-697
Launched client-698
Launched client-699
Launched client-700
Launched client-701
Launched client-702
Launched client-703
Launched client-704
Launched client-705
Launched client-706
Launched client-707
Launched client-708
Launched client-709
Launched client-710
Launched client-711
Launched client-712
Launched client-713
Launched client-714
Launched client-715
Launched client-716
Launched client-717
Launched client-718
Launched client-719
Launched client-720
Launched client-721
Launched client-722
Launched client-723
Launched client-724
Launched client-725
Launched client-726
Launched client-727
Launched client-728
Launched client-729
Launched client-730
Launched client-731
Launched client-732
Launched client-733
Launched client-734
Launched client-735
Launched client-736
Launched client-737
Launched client-738
Launched client-739
Launched client-740
Launched client-741
Launched client-742
Launched client-743
Launched client-744
Launched client-745
Launched client-746
Launched client-747
Launched client-748
Launched client-749
Launched client-750
Launched client-751
Launched client-752
Launched client-753
Launched client-754
Launched client-755
Launched client-756
Launched client-757
Launched client-758
Launched client-759
Launched client-760
Launched client-761
Launched client-762
Launched client-763
Launched client-764
Launched client-765
Launched client-766
Launched client-767
Launched client-768
Launched client-769
Launched client-770
Launched client-771
Launched client-772
Launched client-773
Launched client-774
Launched client-775
Launched client-776
Launched client-777
Launched client-778
Launched client-779
Launched client-780
Launched client-781
Launched client-782
Launched client-783
Launched client-784
Launched client-785
Launched client-786
Launched client-787
Launched client-788
Launched client-789
Launched client-790
Launched client-791
Launched client-792
Launched client-793
Launched client-794
Launched client-795
Launched client-796
Launched client-797
Launched client-798
Launched client-799
Launched client-800
Launched client-801
Launched client-802
Launched client-803
Launched client-804
Launched client-805
Launched client-806
Launched client-807
Launched client-808
Launched client-809
Launched client-810
Launched client-811
Launched client-812
Launched client-813
Launched client-814
Launched client-815
Launched client-816
Launched client-817
Launched client-818
Launched client-819
Launched client-820
Launched client-821
Launched client-822
Launched client-823
Launched client-824
Launched client-825
Launched client-826
Launched client-827
Launched client-828
Launched client-829
Launched client-830
Launched client-831
Launched client-832
Launched client-833
Launched client-834
Launched client-835
Launched client-836
Launched client-837
Launched client-838
Launched client-839
Launched client-840
Launched client-841
Launched client-842
Launched client-843
Launched client-844
Launched client-845
Launched client-846
Launched client-847
Launched client-848
Launched client-849
Launched client-850
Launched client-851
Launched client-852
Launched client-853
Launched client-854
Launched client-855
Launched client-856
Launched client-857
Launched client-858
Launched client-859
Launched client-860
Launched client-861
Launched client-862
Launched client-863
Launched client-864
Launched client-865
Launched client-866
Launched client-867
Launched client-868
Launched client-869
Launched client-870
Launched client-871
Launched client-872
Launched client-873
Launched client-874
Launched client-875
Launched client-876
Launched client-877
Launched client-878
Launched client-879
Launched client-880
Launched client-881
Launched client-882
Launched client-883
Launched client-884
Launched client-885
Launched client-886
Launched client-887
Launched client-888
Launched client-889
Launched client-890
Launched client-891
Launched client-892
Launched client-893
Launched client-894
Launched client-895
Launched client-896
Launched client-897
Launched client-898
Launched client-899
Launched client-900
Launched client-901
Launched client-902
Launched client-903
Launched client-904
Launched client-905
Launched client-906
Launched client-907
Launched client-908
Launched client-909
Launched client-910
Launched client-911
Launched client-912
Launched client-913
Launched client-914
Launched client-915
Launched client-916
Launched client-917
Launched client-918
Launched client-919
Launched client-920
Launched client-921
Launched client-922
Launched client-923
Launched client-924
Launched client-925
Launched client-926
Launched client-927
Launched client-928
Launched client-929
Launched client-930
Launched client-931
Launched client-932
Launched client-933
Launched client-934
Launched client-935
Launched client-936
Launched client-937
Launched client-938
Launched client-939
Launched client-940
Launched client-941
Launched client-942
Launched client-943
Launched client-944
Launched client-945
Launched client-946
Launched client-947
Launched client-948
Launched client-949
Launched client-950
Launched client-951
Launched client-952
Launched client-953
Launched client-954
Launched client-955
Launched client-956
Launched client-957
Launched client-958
Launched client-959
Launched client-960
Launched client-961
Launched client-962
Launched client-963
Launched client-964
Launched client-965
Launched client-966
Launched client-967
Launched client-968
Launched client-969
Launched client-970
Launched client-971
Launched client-972
Launched client-973
Launched client-974
Launched client-975
Launched client-976
Launched client-977
Launched client-978
Launched client-979
Launched client-980
Launched client-981
Launched client-982
Launched client-983
Launched client-984
Launched client-985
Launched client-986
Launched client-987
Launched client-988
Launched client-989
Launched client-990
Launched client-991
Launched client-992
Launched client-993
Launched client-994
Launched client-995
Launched client-996
Launched client-997
Launched client-998
Launched client-999
Launched client-1000
All clients finished.
-----------------------------------
Client Simulation Summary
Clients launched: 1000
Clients received ACK: 0
Average RTT (ns): 
Min RTT (ns): 
Max RTT (ns): 
CSV log: logs/client.csv
Raw log: logs/client.log
-----------------------------------
