Client ID: client-1                            
Timestamp (ns): 1747072634515915610
Payload: Payload from client client-1                                                        
Order: 1
ACK Sent: ACK:client-1                            
---
Client ID: client-2                            
Timestamp (ns): 1747072634515969122
Payload: Payload from client client-2                                                        
Order: 1
ACK Sent: ACK:client-2                            
---
Client ID: client-3                            
Timestamp (ns): 1747072634516451410
Payload: Payload from client client-3                                                        
Order: 1
ACK Sent: ACK:client-3                            
---
Client ID: client-4                            
Timestamp (ns): 1747072634516572855
Payload: Payload from client client-4                                                        
Order: 1
ACK Sent: ACK:client-4                            
---
Client ID: client-5                            
Timestamp (ns): 1747072634516854995
Payload: Payload from client client-5                                                        
Order: 1
ACK Sent: ACK:client-5                            
---
Client ID: client-6                            
Timestamp (ns): 1747072634517103019
Payload: Payload from client client-6                                                        
Order: 1
ACK Sent: ACK:client-6                            
---
Client ID: client-7                            
Timestamp (ns): 1747072634517495470
Payload: Payload from client client-7                                                        
Order: 1
ACK Sent: ACK:client-7                            
---
Client ID: client-8                            
Timestamp (ns): 1747072634518127821
Payload: Payload from client client-8                                                        
Order: 1
ACK Sent: ACK:client-8                            
---
Client ID: client-9                            
Timestamp (ns): 1747072634518280384
Payload: Payload from client client-9                                                        
Order: 1
ACK Sent: ACK:client-9                            
---
Client ID: client-10                           
Timestamp (ns): 1747072634518443944
Payload: Payload from client client-10                                                       
Order: 1
ACK Sent: ACK:client-10                           
---
Client ID: client-11                           
Timestamp (ns): 1747072634518763463
Payload: Payload from client client-11                                                       
Order: 1
ACK Sent: ACK:client-11                           
---
Client ID: client-12                           
Timestamp (ns): 1747072634519012923
Payload: Payload from client client-12                                                       
Order: 1
ACK Sent: ACK:client-12                           
---
Client ID: client-13                           
Timestamp (ns): 1747072634519387256
Payload: Payload from client client-13                                                       
Order: 1
ACK Sent: ACK:client-13                           
---
Client ID: client-14                           
Timestamp (ns): 1747072634519785537
Payload: Payload from client client-14                                                       
Order: 1
ACK Sent: ACK:client-14                           
---
Client ID: client-15                           
Timestamp (ns): 1747072634520685649
Payload: Payload from client client-15                                                       
Order: 1
ACK Sent: ACK:client-15                           
---
Client ID: client-16                           
Timestamp (ns): 1747072634520849690
Payload: Payload from client client-16                                                       
Order: 1
ACK Sent: ACK:client-16                           
---
Client ID: client-17                           
Timestamp (ns): 1747072634521111715
Payload: Payload from client client-17                                                       
Order: 1
ACK Sent: ACK:client-17                           
---
Client ID: client-18                           
Timestamp (ns): 1747072634522101679
Payload: Payload from client client-18                                                       
Order: 1
ACK Sent: ACK:client-18                           
---
Client ID: client-19                           
Timestamp (ns): 1747072634522776095
Payload: Payload from client client-19                                                       
Order: 1
ACK Sent: ACK:client-19                           
---
Client ID: client-21                           
Timestamp (ns): 1747072634522776099
Payload: Payload from client client-21                                                       
Order: 1
ACK Sent: ACK:client-21                           
---
Client ID: client-20                           
Timestamp (ns): 1747072634522776131
Payload: Payload from client client-20                                                       
Order: 1
ACK Sent: ACK:client-20                           
---
Client ID: client-22                           
Timestamp (ns): 1747072634523428333
Payload: Payload from client client-22                                                       
Order: 1
ACK Sent: ACK:client-22                           
---
Client ID: client-23                           
Timestamp (ns): 1747072634524823389
Payload: Payload from client client-23                                                       
Order: 1
ACK Sent: ACK:client-23                           
---
Client ID: client-24                           
Timestamp (ns): 1747072634524905684
Payload: Payload from client client-24                                                       
Order: 1
ACK Sent: ACK:client-24                           
---
Client ID: client-25                           
Timestamp (ns): 1747072634525655204
Payload: Payload from client client-25                                                       
Order: 1
ACK Sent: ACK:client-25                           
---
Client ID: client-26                           
Timestamp (ns): 1747072634525655100
Payload: Payload from client client-26                                                       
Order: 1
ACK Sent: ACK:client-26                           
---
Client ID: client-27                           
Timestamp (ns): 1747072634527144916
Payload: Payload from client client-27                                                       
Order: 1
ACK Sent: ACK:client-27                           
---
Client ID: client-32                           
Timestamp (ns): 1747072634527145188
Payload: Payload from client client-32                                                       
Order: 1
ACK Sent: ACK:client-32                           
---
Client ID: client-29                           
Timestamp (ns): 1747072634527144932
Payload: Payload from client client-29                                                       
Order: 1
ACK Sent: ACK:client-29                           
---
Client ID: client-30                           
Timestamp (ns): 1747072634527163101
Payload: Payload from client client-30                                                       
Order: 1
ACK Sent: ACK:client-30                           
---
Client ID: client-28                           
Timestamp (ns): 1747072634527302643
Payload: Payload from client client-28                                                       
Order: 1
ACK Sent: ACK:client-28                           
---
Client ID: client-34                           
Timestamp (ns): 1747072634527442982
Payload: Payload from client client-34                                                       
Order: 1
ACK Sent: ACK:client-34                           
---
Client ID: client-35                           
Timestamp (ns): 1747072634528048090
Payload: Payload from client client-35                                                       
Order: 1
ACK Sent: ACK:client-35                           
---
Client ID: client-38                           
Timestamp (ns): 1747072634529567550
Payload: Payload from client client-38                                                       
Order: 1
ACK Sent: ACK:client-38                           
---
Client ID: client-36                           
Timestamp (ns): 1747072634529567550
Payload: Payload from client client-36                                                       
Order: 1
ACK Sent: ACK:client-36                           
---
Client ID: client-41                           
Timestamp (ns): 1747072634529909154
Payload: Payload from client client-41                                                       
Order: 1
ACK Sent: ACK:client-41                           
---
Client ID: client-37                           
Timestamp (ns): 1747072634529921001
Payload: Payload from client client-37                                                       
Order: 1
ACK Sent: ACK:client-37                           
---
Client ID: client-42                           
Timestamp (ns): 1747072634530107750
Payload: Payload from client client-42                                                       
Order: 1
ACK Sent: ACK:client-42                           
---
Client ID: client-33                           
Timestamp (ns): 1747072634531141421
Payload: Payload from client client-33                                                       
Order: 1
ACK Sent: ACK:client-33                           
---
Client ID: client-39                           
Timestamp (ns): 1747072634531141376
Payload: Payload from client client-39                                                       
Order: 1
ACK Sent: ACK:client-39                           
---
Client ID: client-45                           
Timestamp (ns): 1747072634531201735
Payload: Payload from client client-45                                                       
Order: 1
ACK Sent: ACK:client-45                           
---
Client ID: client-43                           
Timestamp (ns): 1747072634531423803
Payload: Payload from client client-43                                                       
Order: 1
ACK Sent: ACK:client-43                           
---
Client ID: client-44                           
Timestamp (ns): 1747072634532234311
Payload: Payload from client client-44                                                       
Order: 1
ACK Sent: ACK:client-44                           
---
Client ID: client-40                           
Timestamp (ns): 1747072634533126472
Payload: Payload from client client-40                                                       
Order: 1
ACK Sent: ACK:client-40                           
---
Client ID: client-47                           
Timestamp (ns): 1747072634533126502
Payload: Payload from client client-47                                                       
Order: 1
ACK Sent: ACK:client-47                           
---
Client ID: client-52                           
Timestamp (ns): 1747072634533559198
Payload: Payload from client client-52                                                       
Order: 1
ACK Sent: ACK:client-52                           
---
Client ID: client-50                           
Timestamp (ns): 1747072634533684605
Payload: Payload from client client-50                                                       
Order: 1
ACK Sent: ACK:client-50                           
---
Client ID: client-54                           
Timestamp (ns): 1747072634534116088
Payload: Payload from client client-54                                                       
Order: 1
ACK Sent: ACK:client-54                           
---
Client ID: client-46                           
Timestamp (ns): 1747072634534524261
Payload: Payload from client client-46                                                       
Order: 1
ACK Sent: ACK:client-46                           
---
Client ID: client-56                           
Timestamp (ns): 1747072634534791550
Payload: Payload from client client-56                                                       
Order: 1
ACK Sent: ACK:client-56                           
---
Client ID: client-58                           
Timestamp (ns): 1747072634535783388
Payload: Payload from client client-58                                                       
Order: 1
ACK Sent: ACK:client-58                           
---
Client ID: client-57                           
Timestamp (ns): 1747072634535912902
Payload: Payload from client client-57                                                       
Order: 1
ACK Sent: ACK:client-57                           
---
Client ID: client-31                           
Timestamp (ns): 1747072634535912891
Payload: Payload from client client-31                                                       
Order: 1
ACK Sent: ACK:client-31                           
---
Client ID: client-62                           
Timestamp (ns): 1747072634536806001
Payload: Payload from client client-62                                                       
Order: 1
ACK Sent: ACK:client-62                           
---
Client ID: client-53                           
Timestamp (ns): 1747072634536815312
Payload: Payload from client client-53                                                       
Order: 1
ACK Sent: ACK:client-53                           
---
Client ID: client-61                           
Timestamp (ns): 1747072634536880080
Payload: Payload from client client-61                                                       
Order: 1
ACK Sent: ACK:client-61                           
---
Client ID: client-55                           
Timestamp (ns): 1747072634538265452
Payload: Payload from client client-55                                                       
Order: 1
ACK Sent: ACK:client-55                           
---
Client ID: client-65                           
Timestamp (ns): 1747072634538265449
Payload: Payload from client client-65                                                       
Order: 1
ACK Sent: ACK:client-65                           
---
Client ID: client-59                           
Timestamp (ns): 1747072634538631027
Payload: Payload from client client-59                                                       
Order: 1
ACK Sent: ACK:client-59                           
---
Client ID: client-68                           
Timestamp (ns): 1747072634539115733
Payload: Payload from client client-68                                                       
Order: 1
ACK Sent: ACK:client-68                           
---
Client ID: client-63                           
Timestamp (ns): 1747072634539115761
Payload: Payload from client client-63                                                       
Order: 1
ACK Sent: ACK:client-63                           
---
Client ID: client-72                           
Timestamp (ns): 1747072634539735285
Payload: Payload from client client-72                                                       
Order: 1
ACK Sent: ACK:client-72                           
---
Client ID: client-73                           
Timestamp (ns): 1747072634540506040
Payload: Payload from client client-73                                                       
Order: 1
ACK Sent: ACK:client-73                           
---
Client ID: client-60                           
Timestamp (ns): 1747072634540674774
Payload: Payload from client client-60                                                       
Order: 1
ACK Sent: ACK:client-60                           
---
Client ID: client-71                           
Timestamp (ns): 1747072634540804002
Payload: Payload from client client-71                                                       
Order: 1
ACK Sent: ACK:client-71                           
---
Client ID: client-49                           
Timestamp (ns): 1747072634540843049
Payload: Payload from client client-49                                                       
Order: 1
ACK Sent: ACK:client-49                           
---
Client ID: client-64                           
Timestamp (ns): 1747072634541367376
Payload: Payload from client client-64                                                       
Order: 1
ACK Sent: ACK:client-64                           
---
Client ID: client-69                           
Timestamp (ns): 1747072634541860525
Payload: Payload from client client-69                                                       
Order: 1
ACK Sent: ACK:client-69                           
---
Client ID: client-76                           
Timestamp (ns): 1747072634543067907
Payload: Payload from client client-76                                                       
Order: 1
ACK Sent: ACK:client-76                           
---
Client ID: client-77                           
Timestamp (ns): 1747072634543260031
Payload: Payload from client client-77                                                       
Order: 1
ACK Sent: ACK:client-77                           
---
Client ID: client-66                           
Timestamp (ns): 1747072634543769656
Payload: Payload from client client-66                                                       
Order: 1
ACK Sent: ACK:client-66                           
---
Client ID: client-67                           
Timestamp (ns): 1747072634543769744
Payload: Payload from client client-67                                                       
Order: 1
ACK Sent: ACK:client-67                           
---
Client ID: client-79                           
Timestamp (ns): 1747072634543938950
Payload: Payload from client client-79                                                       
Order: 1
ACK Sent: ACK:client-79                           
---
Client ID: client-78                           
Timestamp (ns): 1747072634544529856
Payload: Payload from client client-78                                                       
Order: 1
ACK Sent: ACK:client-78                           
---
Client ID: client-48                           
Timestamp (ns): 1747072634545314985
Payload: Payload from client client-48                                                       
Order: 1
ACK Sent: ACK:client-48                           
---
Client ID: client-84                           
Timestamp (ns): 1747072634545476387
Payload: Payload from client client-84                                                       
Order: 1
ACK Sent: ACK:client-84                           
---
Client ID: client-83                           
Timestamp (ns): 1747072634545536491
Payload: Payload from client client-83                                                       
Order: 1
ACK Sent: ACK:client-83                           
---
Client ID: client-85                           
Timestamp (ns): 1747072634545705735
Payload: Payload from client client-85                                                       
Order: 1
ACK Sent: ACK:client-85                           
---
Client ID: client-80                           
Timestamp (ns): 1747072634545887444
Payload: Payload from client client-80                                                       
Order: 1
ACK Sent: ACK:client-80                           
---
Client ID: client-82                           
Timestamp (ns): 1747072634546474244
Payload: Payload from client client-82                                                       
Order: 1
ACK Sent: ACK:client-82                           
---
Client ID: client-51                           
Timestamp (ns): 1747072634546581884
Payload: Payload from client client-51                                                       
Order: 1
ACK Sent: ACK:client-51                           
---
Client ID: client-81                           
Timestamp (ns): 1747072634546607863
Payload: Payload from client client-81                                                       
Order: 1
ACK Sent: ACK:client-81                           
---
Client ID: client-86                           
Timestamp (ns): 1747072634547906686
Payload: Payload from client client-86                                                       
Order: 1
ACK Sent: ACK:client-86                           
---
Client ID: client-88                           
Timestamp (ns): 1747072634547963106
Payload: Payload from client client-88                                                       
Order: 1
ACK Sent: ACK:client-88                           
---
Client ID: client-90                           
Timestamp (ns): 1747072634548052397
Payload: Payload from client client-90                                                       
Order: 1
ACK Sent: ACK:client-90                           
---
Client ID: client-70                           
Timestamp (ns): 1747072634548086916
Payload: Payload from client client-70                                                       
Order: 1
ACK Sent: ACK:client-70                           
---
Client ID: client-87                           
Timestamp (ns): 1747072634548543147
Payload: Payload from client client-87                                                       
Order: 1
ACK Sent: ACK:client-87                           
---
Client ID: client-75                           
Timestamp (ns): 1747072634548805082
Payload: Payload from client client-75                                                       
Order: 1
ACK Sent: ACK:client-75                           
---
Client ID: client-89                           
Timestamp (ns): 1747072634548872240
Payload: Payload from client client-89                                                       
Order: 1
ACK Sent: ACK:client-89                           
---
Client ID: client-74                           
Timestamp (ns): 1747072634550100617
Payload: Payload from client client-74                                                       
Order: 1
ACK Sent: ACK:client-74                           
---
Client ID: client-92                           
Timestamp (ns): 1747072634550246176
Payload: Payload from client client-92                                                       
Order: 1
ACK Sent: ACK:client-92                           
---
Client ID: client-93                           
Timestamp (ns): 1747072634550334488
Payload: Payload from client client-93                                                       
Order: 1
ACK Sent: ACK:client-93                           
---
Client ID: client-91                           
Timestamp (ns): 1747072634550373640
Payload: Payload from client client-91                                                       
Order: 1
ACK Sent: ACK:client-91                           
---
Client ID: client-95                           
Timestamp (ns): 1747072634551006304
Payload: Payload from client client-95                                                       
Order: 1
ACK Sent: ACK:client-95                           
---
Client ID: client-94                           
Timestamp (ns): 1747072634552134021
Payload: Payload from client client-94                                                       
Order: 1
ACK Sent: ACK:client-94                           
---
Client ID: client-98                           
Timestamp (ns): 1747072634552586049
Payload: Payload from client client-98                                                       
Order: 1
ACK Sent: ACK:client-98                           
---
Client ID: client-96                           
Timestamp (ns): 1747072634552603787
Payload: Payload from client client-96                                                       
Order: 1
ACK Sent: ACK:client-96                           
---
Client ID: client-97                           
Timestamp (ns): 1747072634553649909
Payload: Payload from client client-97                                                       
Order: 1
ACK Sent: ACK:client-97                           
---
Client ID: client-99                           
Timestamp (ns): 1747072634553861498
Payload: Payload from client client-99                                                       
Order: 1
ACK Sent: ACK:client-99                           
---
Client ID: client-100                          
Timestamp (ns): 1747072634554070035
Payload: Payload from client client-100                                                      
Order: 1
ACK Sent: ACK:client-100                          
---
